INFO:root:Veering Image Loader Opened
INFO:root:Veering Image Loader Opened
INFO:root:Veering Image Loader Opened
INFO:root:Veering Image Loader Opened
INFO:root:Veering Image Loader Opened
ERROR:root:'TopFrame' object has no attribute 'root_dir_stringVar'
ERROR:root:Failed to set project directory
INFO:root:Veering Image Loader Opened
INFO:root:Veering Image Loader Opened
INFO:root:Veering Image Loader Opened
INFO:root:Veering Image Loader Opened
INFO:root:Veering Image Loader Opened
INFO:root:Veering Image Loader Opened
INFO:root:Veering Image Loader Opened
INFO:root:Veering Image Loader Opened
INFO:root:Veering Image Loader Opened
INFO:root:Veering Image Loader Opened
INFO:root:Veering Image Loader Opened
INFO:root:Veering Image Loader Opened
INFO:root:Veering Image Loader Opened
INFO:root:Veering Image Loader Opened
INFO:root:Veering Image Loader Opened
INFO:root:Veering Image Loader Opened
INFO:root:Veering Image Loader Opened
INFO:root:Veering Image Loader Opened
INFO:root:Veering Image Loader Opened
INFO:root:Veering Image Loader Opened
INFO:root:Veering Image Loader Opened
INFO:root:Veering Image Loader Opened
INFO:root:Veering Image Loader Opened
INFO:root:Veering Image Loader Opened
INFO:root:Veering Image Loader Opened
INFO:root:Veering Image Loader Opened
INFO:root:Veering Image Loader Opened
INFO:root:Veering Image Loader Opened
INFO:root:Veering Image Loader Opened
INFO:root:Veering Image Loader Opened
INFO:root:Veering Image Loader Opened
INFO:root:Veering Image Loader Opened
INFO:root:Veering Image Loader Opened
INFO:root:Veering Image Loader Opened
INFO:root:Veering Image Loader Opened
INFO:root:Veering Image Loader Opened
INFO:root:Veering Image Loader Opened
INFO:root:Veering Image Loader Opened
INFO:root:Veering Image Loader Opened
INFO:root:Veering Image Loader Opened
INFO:root:Veering Image Loader Opened
INFO:root:Veering Image Loader Opened
INFO:root:Veering Image Loader Opened
INFO:root:Veering Image Loader Opened
INFO:root:Veering Image Loader Opened
INFO:root:Veering Image Loader Opened
ERROR:root:[Errno 17] File exists: '/Users/sean/mbp_storage/250517'
ERROR:root:Failed to create directory
INFO:root:Veering Image Loader Opened
INFO:root:Veering Image Loader Opened
ERROR:root:[Errno 17] File exists: '/Users/sean/mbp_storage/250517'
ERROR:root:Failed to create directory
ERROR:root:[Errno 17] File exists: '/Users/sean/mbp_storage/250517'
ERROR:root:Failed to create directory
ERROR:root:[Errno 17] File exists: '/Users/sean/mbp_storage/250517'
ERROR:root:Failed to create directory
INFO:root:Veering Image Loader Opened
INFO:root:Veering Image Loader Opened
INFO:root:Veering Image Loader Opened
INFO:root:Veering Image Loader Opened
ERROR:root:cannot access local variable 'PROJECT_DIR' where it is not associated with a value
ERROR:root:Failed to set project directory
ERROR:root:cannot access local variable 'PROJECT_DIR' where it is not associated with a value
ERROR:root:Failed to set project directory
ERROR:root:cannot access local variable 'PROJECT_DIR' where it is not associated with a value
ERROR:root:Failed to set project directory
ERROR:root:cannot access local variable 'PROJECT_DIR' where it is not associated with a value
ERROR:root:Failed to set project directory
INFO:root:Veering Image Loader Opened
INFO:root:Veering Image Loader Opened
INFO:root:Veering Image Loader Opened
INFO:root:Veering Image Loader Opened
INFO:root:Veering Image Loader Opened
INFO:root:Veering Image Loader Opened
INFO:root:Veering Image Loader Opened
INFO:root:Veering Image Loader Opened
INFO:root:Veering Image Loader Opened
INFO:root:Veering Image Loader Opened
INFO:root:Veering Image Loader Opened
INFO:root:Veering Image Loader Opened
INFO:root:Veering Image Loader Opened
INFO:root:Veering Image Loader Opened
INFO:root:Veering Image Loader Opened
INFO:root:Veering Image Loader Opened
INFO:root:Veering Image Loader Opened
INFO:root:Veering Image Loader Opened
INFO:root:Veering Image Loader Opened
INFO:root:Veering Image Loader Opened
INFO:root:Veering Image Loader Opened
INFO:root:Veering Image Loader Opened
INFO:root:Veering Image Loader Opened
INFO:root:Veering Image Loader Opened
INFO:root:Veering Image Loader Opened
INFO:root:Veering Image Loader Opened
INFO:root:Veering Image Loader Opened
INFO:root:Veering Image Loader Opened
INFO:root:Veering Image Loader Opened
INFO:root:Veering Image Loader Opened
INFO:root:Veering Image Loader Opened
INFO:root:Veering Image Loader Opened
INFO:root:Veering Image Loader Opened
INFO:root:Veering Image Loader Opened
INFO:root:Veering Image Loader Opened
INFO:root:Veering Image Loader Opened
INFO:root:Veering Image Loader Opened
INFO:root:Veering Image Loader Opened
INFO:root:Veering Image Loader Opened
INFO:root:Veering Image Loader Opened
INFO:root:Veering Image Loader Opened
INFO:root:Veering Image Loader Opened
INFO:root:Veering Image Loader Opened
INFO:root:Veering Image Loader Opened
INFO:root:Veering Image Loader Opened
INFO:root:Veering Image Loader Opened
INFO:root:Veering Image Loader Opened
INFO:root:Veering Image Loader Opened
INFO:root:Veering Image Loader Opened
INFO:root:Veering Image Loader Opened
INFO:root:Veering Image Loader Opened
INFO:root:Veering Image Loader Opened
INFO:root:Veering Image Loader Opened
INFO:root:Veering Image Loader Opened
INFO:root:Veering Image Loader Opened
INFO:root:Veering Image Loader Opened
INFO:root:Veering Image Loader Opened
INFO:root:Veering Image Loader Opened
INFO:root:Veering Image Loader Opened
INFO:root:Veering Image Loader Opened
INFO:root:Veering Image Loader Opened
INFO:root:Veering Image Loader Opened
INFO:root:Veering Image Loader Opened
INFO:root:Veering Image Loader Opened
INFO:root:Veering Image Loader Opened
INFO:root:Veering Image Loader Opened
INFO:root:Veering Image Loader Opened
INFO:root:Veering Image Loader Opened
INFO:root:Veering Image Loader Opened
INFO:root:Veering Image Loader Opened
INFO:root:Veering Image Loader Opened
INFO:root:Veering Image Loader Opened
INFO:root:Veering Image Loader Opened
INFO:root:Veering Image Loader Opened
INFO:root:Veering Image Loader Opened
INFO:root:Veering Image Loader Opened
INFO:root:Veering Image Loader Opened
INFO:root:Veering Image Loader Opened
INFO:root:Veering Image Loader Opened
INFO:root:Veering Image Loader Opened
INFO:root:Veering Image Loader Opened
INFO:root:Veering Image Loader Opened
INFO:root:Veering Image Loader Opened
INFO:root:Veering Image Loader Opened
INFO:root:Veering Image Loader Opened
INFO:root:Veering Image Loader Opened
INFO:root:Veering Image Loader Opened
INFO:root:Veering Image Loader Opened
INFO:root:Veering Image Loader Opened
INFO:root:Veering Image Loader Opened
